<?xml version="1.0" encoding="UTF-8"?>
<!-- Generated by org.testng.reporters.JUnitXMLReporter -->
<testsuite hostname="LAPTOP-NCJ4F74A" ignored="0" name="Tickets" tests="1" failures="1" timestamp="05 Jul 2020 12:04:32 GMT" time="25.195" errors="0">
  <testcase name="mainmethod" time="11.635" classname="maven.metra.main">
    <failure type="java.lang.AssertionError" message="expected [$52.05] but found [$52.25]">
      <![CDATA[java.lang.AssertionError: expected [$52.05] but found [$52.25]
at maven.metra.main.mainmethod(main.java:71)
at java.util.concurrent.FutureTask.run(FutureTask.java:266)
at java.util.concurrent.ThreadPoolExecutor.runWorker(ThreadPoolExecutor.java:1149)
at java.util.concurrent.ThreadPoolExecutor$Worker.run(ThreadPoolExecutor.java:624)
at java.lang.Thread.run(Thread.java:748)
... Removed 22 stack frames]]>
    </failure>
  </testcase> <!-- mainmethod -->
</testsuite> <!-- Tickets -->
